<?xml version="1.0" encoding="UTF-8"?>
<testsuite name="TestImportar.TestImportarMapa" tests="1" skipped="0" failures="0" errors="0" timestamp="2024-12-11T17:06:59" hostname="LAPTOP-8POH8N1C" time="0.027">
  <properties/>
  <testcase name="testGerarMapaComFicheiroInvalivdoNull()" classname="TestImportar.TestImportarMapa" time="0.027"/>
  <system-out><![CDATA[]]></system-out>
  <system-err><![CDATA[]]></system-err>
</testsuite>
