<?xml version="1.0" encoding="UTF-8"?>
<testsuite name="TestMapa.TestDivisao" tests="20" skipped="0" failures="0" errors="0" timestamp="2024-12-11T10:16:50" hostname="LAPTOP-8POH8N1C" time="0.039">
  <properties/>
  <testcase name="testHaveInimigoComSucessoeSemSucesso()" classname="TestMapa.TestDivisao" time="0.004"/>
  <testcase name="testUsarItemDivisao_ItemJaColetado()" classname="TestMapa.TestDivisao" time="0.004"/>
  <testcase name="testIsToCruzInDivisaoAlvoComSucessoeSemSucesso()" classname="TestMapa.TestDivisao" time="0.001"/>
  <testcase name="testIsToCruzInExitDaComSucessoeSemSucesso()" classname="TestMapa.TestDivisao" time="0.0"/>
  <testcase name="testAttackToCruz_AllInimigosDie()" classname="TestMapa.TestDivisao" time="0.001"/>
  <testcase name="testAttackToCruz_OneInimigoDies()" classname="TestMapa.TestDivisao" time="0.006"/>
  <testcase name="testAttackInimigo_ToCruzSurvives()" classname="TestMapa.TestDivisao" time="0.003"/>
  <testcase name="testToCruzGetAlvo_WithoutToCruz()" classname="TestMapa.TestDivisao" time="0.001"/>
  <testcase name="testAttackInimigo_ToCruzDead()" classname="TestMapa.TestDivisao" time="0.0"/>
  <testcase name="testAttackToCruz_AllInimigosSurvive()" classname="TestMapa.TestDivisao" time="0.0"/>
  <testcase name="testToCruzGetAlvo_WithoutAlvo()" classname="TestMapa.TestDivisao" time="0.001"/>
  <testcase name="testRemoveInimigoComSucesso()" classname="TestMapa.TestDivisao" time="0.001"/>
  <testcase name="testToCruzGetAlvo_Success()" classname="TestMapa.TestDivisao" time="0.001"/>
  <testcase name="testAttackInimigo_ReduceVida()" classname="TestMapa.TestDivisao" time="0.001"/>
  <testcase name="testRemoveInimigoListaVazia()" classname="TestMapa.TestDivisao" time="0.001"/>
  <testcase name="testAttackToCruz_NoInimigos()" classname="TestMapa.TestDivisao" time="0.001"/>
  <testcase name="testAddInimigoNulo()" classname="TestMapa.TestDivisao" time="0.0"/>
  <testcase name="testUsarItemDivisao_NullPointerException()" classname="TestMapa.TestDivisao" time="0.001"/>
  <testcase name="testRemoveInimigoNulo()" classname="TestMapa.TestDivisao" time="0.001"/>
  <testcase name="testHaveConfrontoComSucessoeSemSucesso()" classname="TestMapa.TestDivisao" time="0.0"/>
  <system-out><![CDATA[O item desta divisao já foi usado anteriormente
O inimigo Inimigo Fraco
O inimigo Inimigo Forte
O inimigo Inimigo Fraco
Vida do inimigo Inimigo Forte: 50.0
O imimigoInimigo Fraco atacou o To Cruz
To Cruz resiste ao ataque e fica com 90.0 HP
O imimigoInimigo Forte atacou o To Cruz
O inimigo Inimigo Fortematou o To Cruz
Vida do inimigo Inimigo Fraco: 40.0
Vida do inimigo Inimigo Forte: 90.0
To Cruz está com o alvo, agora só falta sair do edificio com vida
O imimigoInimigo atacou o To Cruz
To Cruz resiste ao ataque e fica com 90.0 HP
A lista está vaiza!
A lista está vaiza!
A lista está vaiza!
A lista está vaiza!
]]></system-out>
  <system-err><![CDATA[]]></system-err>
</testsuite>
