<?xml version="1.0" encoding="UTF-8"?>
<testsuite name="TestsPersonagens.TestToCruz" tests="8" skipped="0" failures="0" errors="0" timestamp="2024-12-13T21:35:41" hostname="XICO" time="0.006">
  <properties/>
  <testcase name="testguardarKitTypeDifKit_NesteCasoColete()" classname="TestsPersonagens.TestToCruz" time="0.001"/>
  <testcase name="testUsarColeteNullPoninterException()" classname="TestsPersonagens.TestToCruz" time="0.0"/>
  <testcase name="testUsarKitSemKitsNaMochila()" classname="TestsPersonagens.TestToCruz" time="0.0"/>
  <testcase name="testUsarKitComAvidaCheia()" classname="TestsPersonagens.TestToCruz" time="0.001"/>
  <testcase name="testguardarKitNull()" classname="TestsPersonagens.TestToCruz" time="0.001"/>
  <testcase name="testguardarKitValida()" classname="TestsPersonagens.TestToCruz" time="0.0"/>
  <testcase name="testUsarKitComKitNaMochilaEToComMenosDe100Pontos()" classname="TestsPersonagens.TestToCruz" time="0.0"/>
  <testcase name="testUsarColete()" classname="TestsPersonagens.TestToCruz" time="0.0"/>
  <system-out><![CDATA[O To Cruz guardou o kit de vida com 20 HP com sucesso
O To Cruz guardou o kit de vida com 20 HP com sucesso
O To Cruz guardou o kit de vida com 20 HP com sucesso
To Cruz curou-se e ficou com: 30 HP
O To Cruz utilizou um kit de vida com 20 HP
To Cruz curou-se e ficou com: 120 HP
]]></system-out>
  <system-err><![CDATA[]]></system-err>
</testsuite>
