<?xml version="1.0" encoding="UTF-8"?>
<testsuite name="TestImportar.TestImportarMapa" tests="2" skipped="0" failures="0" errors="0" timestamp="2025-01-27T13:23:17" hostname="LAPTOP-8POH8N1C" time="0.084">
  <properties/>
  <testcase name="testGerarMapaComFicheiroInvalivdoNull()" classname="TestImportar.TestImportarMapa" time="0.061"/>
  <testcase name="testGerarMapaComFicheiroValido()" classname="TestImportar.TestImportarMapa" time="0.021"/>
  <system-out><![CDATA[.\Jsons\Import\FicheiroMissao.json (O sistema não conseguiu localizar o caminho especificado)
.\Jsons\Import\FicheiroMissao.json (O sistema não conseguiu localizar o caminho especificado)
]]></system-out>
  <system-err><![CDATA[]]></system-err>
</testsuite>
