<?xml version="1.0" encoding="UTF-8"?>
<testsuite name="TestMapa.TestDivisao" tests="4" skipped="0" failures="0" errors="0" timestamp="2025-01-27T13:23:18" hostname="LAPTOP-8POH8N1C" time="0.022">
  <properties/>
  <testcase name="testRemoveInimigoComSucesso()" classname="TestMapa.TestDivisao" time="0.012"/>
  <testcase name="testRemoveInimigoListaVazia()" classname="TestMapa.TestDivisao" time="0.003"/>
  <testcase name="testAddInimigoNulo()" classname="TestMapa.TestDivisao" time="0.002"/>
  <testcase name="testRemoveInimigoNulo()" classname="TestMapa.TestDivisao" time="0.001"/>
  <system-out><![CDATA[O To Cruz moveu-se para a divisão: Sala Teste
O To Cruz moveu-se para a divisão: Sala Teste
A lista está vaiza!
O To Cruz moveu-se para a divisão: Sala Teste
O To Cruz moveu-se para a divisão: Sala Teste
A lista está vaiza!
]]></system-out>
  <system-err><![CDATA[]]></system-err>
</testsuite>
