<?xml version="1.0" encoding="UTF-8"?>
<testsuite name="TestImportar.TestImportarMapa" tests="2" skipped="0" failures="0" errors="0" timestamp="2024-12-12T22:47:02" hostname="LAPTOP-8POH8N1C" time="0.039">
  <properties/>
  <testcase name="testGerarMapaComFicheiroInvalivdoNull()" classname="TestImportar.TestImportarMapa" time="0.024"/>
  <testcase name="testGerarMapaComFicheiroValido()" classname="TestImportar.TestImportarMapa" time="0.014"/>
  <system-out><![CDATA[]]></system-out>
  <system-err><![CDATA[]]></system-err>
</testsuite>
