<?xml version="1.0" encoding="UTF-8"?>
<testsuite name="TestImportar.TestImportarMapa" tests="2" skipped="0" failures="0" errors="0" timestamp="2024-12-18T09:07:05" hostname="LAPTOP-8POH8N1C" time="0.03">
  <properties/>
  <testcase name="testGerarMapaComFicheiroInvalivdoNull()" classname="TestImportar.TestImportarMapa" time="0.02"/>
  <testcase name="testGerarMapaComFicheiroValido()" classname="TestImportar.TestImportarMapa" time="0.008"/>
  <system-out><![CDATA[.\Jsons\Import\FicheiroMissao.json (O sistema não conseguiu localizar o caminho especificado)
.\Jsons\Import\FicheiroMissao.json (O sistema não conseguiu localizar o caminho especificado)
]]></system-out>
  <system-err><![CDATA[]]></system-err>
</testsuite>
