<?xml version="1.0" encoding="UTF-8"?>
<testsuite name="TestImportar.TestImportarMapa" tests="2" skipped="0" failures="0" errors="0" timestamp="2024-12-13T09:44:15" hostname="LAPTOP-8POH8N1C" time="0.031">
  <properties/>
  <testcase name="testGerarMapaComFicheiroInvalivdoNull()" classname="TestImportar.TestImportarMapa" time="0.018"/>
  <testcase name="testGerarMapaComFicheiroValido()" classname="TestImportar.TestImportarMapa" time="0.012"/>
  <system-out><![CDATA[]]></system-out>
  <system-err><![CDATA[]]></system-err>
</testsuite>
