<?xml version="1.0" encoding="UTF-8"?>
<testsuite name="TestStacks.TestLinkedStack" tests="4" skipped="0" failures="0" errors="0" timestamp="2024-12-11T19:07:11" hostname="LAPTOP-8POH8N1C" time="0.003">
  <properties/>
  <testcase name="testPeekStack()" classname="TestStacks.TestLinkedStack" time="0.0"/>
  <testcase name="testPeekEmptyStackException()" classname="TestStacks.TestLinkedStack" time="0.0"/>
  <testcase name="testPopStack()" classname="TestStacks.TestLinkedStack" time="0.0"/>
  <testcase name="testPopEmptyStackException()" classname="TestStacks.TestLinkedStack" time="0.0"/>
  <system-out><![CDATA[]]></system-out>
  <system-err><![CDATA[]]></system-err>
</testsuite>
