<?xml version="1.0" encoding="UTF-8"?>
<testsuite name="TestLinkedTree.TestLinkedHeap" tests="9" skipped="0" failures="0" errors="0" timestamp="2024-12-13T09:47:51" hostname="LAPTOP-8POH8N1C" time="0.01">
  <properties/>
  <testcase name="testFindMin()" classname="TestLinkedTree.TestLinkedHeap" time="0.001"/>
  <testcase name="testRemoveMinWhenEmpty()" classname="TestLinkedTree.TestLinkedHeap" time="0.001"/>
  <testcase name="testHeapifyAdd()" classname="TestLinkedTree.TestLinkedHeap" time="0.0"/>
  <testcase name="testAddElement()" classname="TestLinkedTree.TestLinkedHeap" time="0.001"/>
  <testcase name="testAddElementWhenEmpty()" classname="TestLinkedTree.TestLinkedHeap" time="0.001"/>
  <testcase name="testFindMinWhenEmpty()" classname="TestLinkedTree.TestLinkedHeap" time="0.002"/>
  <testcase name="testHeapifyRemove()" classname="TestLinkedTree.TestLinkedHeap" time="0.001"/>
  <testcase name="testRemoveMin()" classname="TestLinkedTree.TestLinkedHeap" time="0.001"/>
  <testcase name="testRemoveMinMultipleElements()" classname="TestLinkedTree.TestLinkedHeap" time="0.0"/>
  <system-out><![CDATA[]]></system-out>
  <system-err><![CDATA[]]></system-err>
</testsuite>
