<?xml version="1.0" encoding="UTF-8"?>
<testsuite name="TestGraph.TestNetworkMatrizAdjacencia" tests="6" skipped="0" failures="0" errors="0" timestamp="2024-12-11T20:05:24" hostname="LAPTOP-8POH8N1C" time="0.005">
  <properties/>
  <testcase name="testShortestPathWeight()" classname="TestGraph.TestNetworkMatrizAdjacencia" time="0.001"/>
  <testcase name="testIsolatedVertex()" classname="TestGraph.TestNetworkMatrizAdjacencia" time="0.0"/>
  <testcase name="testAddEdge()" classname="TestGraph.TestNetworkMatrizAdjacencia" time="0.001"/>
  <testcase name="testIteratorDFS()" classname="TestGraph.TestNetworkMatrizAdjacencia" time="0.0"/>
  <testcase name="testIteratorNextVertexs()" classname="TestGraph.TestNetworkMatrizAdjacencia" time="0.001"/>
  <testcase name="testShortestPathNoPath()" classname="TestGraph.TestNetworkMatrizAdjacencia" time="0.0"/>
  <system-out><![CDATA[]]></system-out>
  <system-err><![CDATA[]]></system-err>
</testsuite>
