<?xml version="1.0" encoding="UTF-8"?>
<testsuite name="TestGraph.TestNetwork" tests="6" skipped="0" failures="0" errors="0" timestamp="2024-12-11T10:12:51" hostname="LAPTOP-8POH8N1C" time="0.008">
  <properties/>
  <testcase name="testShortestPath()" classname="TestGraph.TestNetwork" time="0.004"/>
  <testcase name="testShortestPathArestNoPath()" classname="TestGraph.TestNetwork" time="0.001"/>
  <testcase name="testShortestPathArest()" classname="TestGraph.TestNetwork" time="0.001"/>
  <testcase name="testGetWeightEdge()" classname="TestGraph.TestNetwork" time="0.001"/>
  <testcase name="testUpdateWeightEdge()" classname="TestGraph.TestNetwork" time="0.0"/>
  <testcase name="testShortestPathNoPath()" classname="TestGraph.TestNetwork" time="0.0"/>
  <system-out><![CDATA[]]></system-out>
  <system-err><![CDATA[]]></system-err>
</testsuite>
