<?xml version="1.0" encoding="UTF-8"?>
<testsuite name="TestPriorityQueue.TestPriorityQueue" tests="2" skipped="0" failures="0" errors="0" timestamp="2024-12-11T20:05:25" hostname="LAPTOP-8POH8N1C" time="0.002">
  <properties/>
  <testcase name="testRemoveNextQueue()" classname="TestPriorityQueue.TestPriorityQueue" time="0.001"/>
  <testcase name="testRemoveNextEmptyExpceptionQueue()" classname="TestPriorityQueue.TestPriorityQueue" time="0.0"/>
  <system-out><![CDATA[]]></system-out>
  <system-err><![CDATA[]]></system-err>
</testsuite>
