<?xml version="1.0" encoding="UTF-8"?>
<testsuite name="TestDoubleLinkedList.TestDoubleOrderedList" tests="10" skipped="0" failures="0" errors="0" timestamp="2025-01-27T13:25:05" hostname="LAPTOP-8POH8N1C" time="0.017">
  <properties/>
  <testcase name="testAddElementWhenListIsFull()" classname="TestDoubleLinkedList.TestDoubleOrderedList" time="0.001"/>
  <testcase name="testRemoveFirstElement()" classname="TestDoubleLinkedList.TestDoubleOrderedList" time="0.0"/>
  <testcase name="testAddElementToEmptyList()" classname="TestDoubleLinkedList.TestDoubleOrderedList" time="0.001"/>
  <testcase name="testInverseEmptyList()" classname="TestDoubleLinkedList.TestDoubleOrderedList" time="0.001"/>
  <testcase name="testRemoveLastElement()" classname="TestDoubleLinkedList.TestDoubleOrderedList" time="0.001"/>
  <testcase name="testAddMultipleElementsInOrder()" classname="TestDoubleLinkedList.TestDoubleOrderedList" time="0.001"/>
  <testcase name="testAddElementToOrderedList()" classname="TestDoubleLinkedList.TestDoubleOrderedList" time="0.0"/>
  <testcase name="testRemoveElementNotFound()" classname="TestDoubleLinkedList.TestDoubleOrderedList" time="0.001"/>
  <testcase name="testRemoveElement()" classname="TestDoubleLinkedList.TestDoubleOrderedList" time="0.0"/>
  <testcase name="testIsEmpty()" classname="TestDoubleLinkedList.TestDoubleOrderedList" time="0.001"/>
  <system-out><![CDATA[]]></system-out>
  <system-err><![CDATA[]]></system-err>
</testsuite>
