<?xml version="1.0" encoding="UTF-8"?>
<testsuite name="TestPriorityQueue.TestPriorityQueueNode" tests="3" skipped="0" failures="0" errors="0" timestamp="2025-01-09T15:40:23" hostname="LAPTOP-8POH8N1C" time="0.003">
  <properties/>
  <testcase name="testCompareToEqualPriorityButDifferentOrder()" classname="TestPriorityQueue.TestPriorityQueueNode" time="0.001"/>
  <testcase name="testCompareToHigherPriority()" classname="TestPriorityQueue.TestPriorityQueueNode" time="0.001"/>
  <testcase name="testCompareToLowerPriority()" classname="TestPriorityQueue.TestPriorityQueueNode" time="0.0"/>
  <system-out><![CDATA[]]></system-out>
  <system-err><![CDATA[]]></system-err>
</testsuite>
