<?xml version="1.0" encoding="UTF-8"?>
<testsuite name="TestGraph.TestGraphMatrizAdjacencia" tests="8" skipped="0" failures="0" errors="0" timestamp="2025-01-27T13:25:05" hostname="LAPTOP-8POH8N1C" time="0.018">
  <properties/>
  <testcase name="testAddEdge()" classname="TestGraph.TestGraphMatrizAdjacencia" time="0.005"/>
  <testcase name="testRemoveVertex()" classname="TestGraph.TestGraphMatrizAdjacencia" time="0.001"/>
  <testcase name="testAddVertex()" classname="TestGraph.TestGraphMatrizAdjacencia" time="0.001"/>
  <testcase name="testIteratorBFS()" classname="TestGraph.TestGraphMatrizAdjacencia" time="0.001"/>
  <testcase name="testIteratorDFS()" classname="TestGraph.TestGraphMatrizAdjacencia" time="0.003"/>
  <testcase name="testExpandCapacity()" classname="TestGraph.TestGraphMatrizAdjacencia" time="0.004"/>
  <testcase name="testIteratorShortestPath()" classname="TestGraph.TestGraphMatrizAdjacencia" time="0.001"/>
  <testcase name="testIsEmpty()" classname="TestGraph.TestGraphMatrizAdjacencia" time="0.001"/>
  <system-out><![CDATA[]]></system-out>
  <system-err><![CDATA[]]></system-err>
</testsuite>
